<?xml version="1.0" encoding="UTF-8"?>
<!-- Generated by org.testng.reporters.JUnitReportReporter -->
<testsuite skipped="0" hostname="Biplab" name="pages.LoginScript" tests="2" failures="0" timestamp="11 Feb 2020 07:08:43 GMT" time="13.173" errors="0">
  <testcase name="loginToApplication" time="7.506" classname="pages.LoginScript"/>
  <testcase name="loginToApplication1" time="5.667" classname="pages.LoginScript"/>
</testsuite> <!-- pages.LoginScript -->
